\BOOKMARK [0][-]{chapter.1}{\376\377\000I\000n\000t\000r\000o\000d\000u\000c\000t\000i\000o\000n}{}% 1
\BOOKMARK [0][-]{chapter.2}{\376\377\000L\000i\000t\000e\000r\000a\000t\000u\000r\000e\000\040\000r\000e\000v\000i\000e\000w}{}% 2
\BOOKMARK [0][-]{chapter.3}{\376\377\000S\000p\000i\000k\000i\000n\000g\000\040\000N\000e\000u\000r\000a\000l\000\040\000N\000e\000t\000w\000o\000r\000k\000s\000:\000\040\000M\000o\000d\000e\000l\000s\000\040\000a\000n\000d\000\040\000L\000e\000a\000r\000n\000i\000n\000g\000\040\000A\000l\000g\000o\000r\000i\000t\000h\000m\000s}{}% 3
\BOOKMARK [1][-]{section.3.1}{\376\377\000N\000e\000u\000r\000o\000n\000\040\000m\000o\000d\000e\000l}{chapter.3}% 4
\BOOKMARK [0][-]{chapter.4}{\376\377\000C\000o\000m\000p\000a\000r\000i\000s\000o\000n\000\040\000o\000f\000\040\000C\000e\000l\000l\000u\000l\000a\000r\000\040\000N\000e\000t\000w\000o\000r\000k\000\040\000C\000o\000n\000t\000r\000o\000l\000l\000e\000r\000s\000\040\000f\000o\000r\000\040\000Q\000u\000a\000d\000r\000o\000t\000o\000r\000s\000\040\000E\000x\000p\000e\000r\000i\000e\000n\000c\000i\000n\000g\000\040\000T\000i\000m\000e\000\040\000D\000e\000l\000a\000y}{}% 5
\BOOKMARK [1][-]{section.4.1}{\376\377\000P\000r\000o\000p\000o\000s\000e\000d\000\040\000m\000e\000t\000h\000o\000d}{chapter.4}% 6
\BOOKMARK [1][-]{section.4.2}{\376\377\000Q\000u\000a\000d\000r\000o\000t\000o\000r\000\040\000d\000y\000n\000a\000m\000i\000c\000\040\000m\000o\000d\000e\000l}{chapter.4}% 7
\BOOKMARK [1][-]{section.4.3}{\376\377\000C\000o\000n\000t\000r\000o\000l\000l\000e\000r\000\040\000D\000e\000s\000i\000g\000n}{chapter.4}% 8
\BOOKMARK [2][-]{subsection.4.3.1}{\376\377\000L\000i\000n\000e\000a\000r\000\040\000P\000D\000\040\000C\000o\000n\000t\000r\000o\000l\000l\000e\000r}{section.4.3}% 9
\BOOKMARK [2][-]{subsection.4.3.2}{\376\377\000B\000a\000c\000k\000s\000t\000e\000p\000p\000i\000n\000g\000\040\000C\000o\000n\000t\000r\000o\000l\000l\000e\000r}{section.4.3}% 10
\BOOKMARK [1][-]{section.4.4}{\376\377\000S\000t\000a\000t\000e\000\040\000E\000s\000t\000i\000m\000a\000t\000o\000r}{chapter.4}% 11
\BOOKMARK [1][-]{section.4.5}{\376\377\000D\000e\000l\000a\000y\000\040\000E\000s\000t\000i\000m\000a\000t\000o\000r}{chapter.4}% 12
\BOOKMARK [1][-]{section.4.6}{\376\377\000R\000e\000s\000u\000l\000t\000s}{chapter.4}% 13
\BOOKMARK [1][-]{section.4.7}{\376\377\000C\000o\000n\000c\000l\000u\000s\000i\000o\000n}{chapter.4}% 14
\BOOKMARK [0][-]{chapter.5}{\376\377\000L\000e\000a\000r\000n\000i\000n\000g\000\040\000a\000\040\000P\000o\000l\000i\000c\000y\000\040\000f\000o\000r\000\040\000P\000u\000r\000s\000u\000i\000t\000-\000E\000v\000a\000s\000i\000o\000n\000\040\000G\000a\000m\000e\000s\000\040\000U\000s\000i\000n\000g\000\040\000S\000p\000i\000k\000i\000n\000g\000\040\000N\000e\000u\000r\000a\000l\000\040\000N\000e\000t\000w\000o\000r\000k\000s\000\040\000a\000n\000d\000\040\000t\000h\000e\000\040\000S\000T\000D\000P\000\040\000A\000l\000g\000o\000r\000i\000t\000h\000m}{}% 15
\BOOKMARK [1][-]{section.5.1}{\376\377\000T\000h\000e\000\040\000A\000T\000D\000\040\000p\000r\000o\000b\000l\000e\000m\000\040\000a\000n\000d\000\040\000S\000N\000N\000-\000b\000a\000s\000e\000d\000\040\000s\000o\000l\000u\000t\000i\000o\000n}{chapter.5}% 16
\BOOKMARK [1][-]{section.5.2}{\376\377\000L\000e\000a\000r\000n\000i\000n\000g\000\040\000u\000s\000i\000n\000g\000\040\000S\000T\000D\000P}{chapter.5}% 17
\BOOKMARK [1][-]{section.5.3}{\376\377\000N\000e\000t\000w\000o\000r\000k\000\040\000s\000t\000r\000u\000c\000t\000u\000r\000e\000\040\000a\000n\000d\000\040\000e\000n\000c\000o\000d\000i\000n\000g\000\040\000m\000e\000t\000h\000o\000d}{chapter.5}% 18
\BOOKMARK [1][-]{section.5.4}{\376\377\000R\000e\000s\000u\000l\000t\000s}{chapter.5}% 19
\BOOKMARK [2][-]{subsection.5.4.1}{\376\377\000S\000i\000m\000u\000l\000a\000t\000i\000o\000n\000\040\000w\000i\000t\000h\000o\000u\000t\000\040\000n\000o\000i\000s\000e}{section.5.4}% 20
\BOOKMARK [2][-]{subsection.5.4.2}{\376\377\000S\000i\000m\000u\000l\000a\000t\000i\000o\000n\000\040\000w\000i\000t\000h\000\040\000n\000o\000i\000s\000e}{section.5.4}% 21
\BOOKMARK [1][-]{section.5.5}{\376\377\000C\000o\000n\000c\000l\000u\000s\000i\000o\000n}{chapter.5}% 22
\BOOKMARK [0][-]{chapter.6}{\376\377\000E\000n\000h\000a\000n\000c\000i\000n\000g\000\040\000C\000o\000o\000p\000e\000r\000a\000t\000i\000v\000e\000\040\000M\000u\000l\000t\000i\000-\000a\000g\000e\000n\000t\000\040\000R\000e\000i\000n\000f\000o\000r\000c\000e\000m\000e\000n\000t\000\040\000L\000e\000a\000r\000n\000i\000n\000g\000\040\000t\000h\000r\000o\000u\000g\000h\000\040\000t\000h\000e\000\040\000I\000n\000t\000e\000g\000r\000a\000t\000i\000o\000n\000\040\000o\000f\000\040\000R\000-\000S\000T\000D\000P\000\040\000a\000n\000d\000\040\000F\000e\000d\000e\000r\000a\000t\000e\000d\000\040\000L\000e\000a\000r\000n\000i\000n\000g}{}% 23
\BOOKMARK [1][-]{section.6.1}{\376\377\000P\000r\000e\000l\000i\000m\000i\000n\000a\000r\000i\000e\000s}{chapter.6}% 24
\BOOKMARK [2][-]{subsection.6.1.1}{\376\377\000C\000o\000n\000s\000e\000n\000s\000u\000s\000\040\000F\000l\000y\000i\000n\000g\000\040\000P\000r\000o\000b\000l\000e\000m}{section.6.1}% 25
\BOOKMARK [2][-]{subsection.6.1.2}{\376\377\000N\000e\000u\000r\000o\000n\000\040\000M\000o\000d\000e\000l}{section.6.1}% 26
\BOOKMARK [1][-]{section.6.2}{\376\377\000P\000r\000o\000p\000o\000s\000e\000d\000\040\000M\000e\000t\000h\000o\000d}{chapter.6}% 27
\BOOKMARK [2][-]{subsection.6.2.1}{\376\377\000N\000e\000t\000w\000o\000r\000k\000\040\000S\000t\000r\000u\000c\000t\000u\000r\000e}{section.6.2}% 28
\BOOKMARK [2][-]{subsection.6.2.2}{\376\377\000T\000r\000a\000i\000n\000i\000n\000g\000\040\000a\000l\000g\000o\000r\000i\000t\000h\000m}{section.6.2}% 29
\BOOKMARK [2][-]{subsection.6.2.3}{\376\377\000W\000e\000i\000g\000h\000t\000\040\000S\000t\000a\000b\000i\000l\000i\000z\000a\000t\000i\000o\000n\000\040\000u\000s\000i\000n\000g\000\040\000R\000e\000w\000a\000r\000d\000-\000M\000o\000d\000u\000l\000a\000t\000e\000d\000\040\000C\000o\000m\000p\000e\000t\000i\000t\000i\000v\000e\000\040\000S\000y\000n\000a\000p\000t\000i\000c\000\040\000E\000q\000u\000i\000l\000i\000b\000r\000i\000u\000m\000\040\000\050\000R\000-\000C\000S\000E\000\051}{section.6.2}% 30
\BOOKMARK [2][-]{subsection.6.2.4}{\376\377\000F\000e\000d\000e\000r\000a\000t\000e\000d\000\040\000L\000e\000a\000r\000n\000i\000n\000g\000\040\000f\000o\000r\000\040\000C\000o\000n\000s\000e\000n\000s\000u\000s\000\040\000F\000l\000y\000i\000n\000g}{section.6.2}% 31
\BOOKMARK [1][-]{section.6.3}{\376\377\000R\000e\000s\000u\000l\000t\000s\000\040\000a\000n\000d\000\040\000D\000i\000s\000c\000u\000s\000s\000i\000o\000n}{chapter.6}% 32
\BOOKMARK [2][-]{subsection.6.3.1}{\376\377\000S\000i\000m\000u\000l\000a\000t\000i\000o\000n\000\040\000w\000i\000t\000h\000o\000u\000t\000\040\000f\000l}{section.6.3}% 33
\BOOKMARK [2][-]{subsection.6.3.2}{\376\377\000S\000i\000m\000u\000l\000a\000t\000i\000o\000n\000\040\000w\000i\000t\000h\000\040\000f\000l\000\040\000a\000n\000d\000\040\000R\000C\000S\000E}{section.6.3}% 34
\BOOKMARK [1][-]{section.6.4}{\376\377\000C\000o\000n\000c\000l\000u\000s\000i\000o\000n}{chapter.6}% 35
